-------------------------------------------------------------------------------
Test set: stringverify.StringReverseTest
-------------------------------------------------------------------------------
Tests run: 2, Failures: 1, Errors: 0, Skipped: 0, Time elapsed: 0.034 s <<< FAILURE! - in stringverify.StringReverseTest
test_Compute_Circle_Area  Time elapsed: 0.023 s  <<< FAILURE!
org.opentest4j.AssertionFailedError: Area of Circle failed ==> expected: <100.0> but was: <314.1592653589793>
	at stringverify.StringReverseTest.test_Compute_Circle_Area(StringReverseTest.java:17)

